<?xml version="1.0" encoding="UTF-8"?>
<!-- Generated by org.testng.reporters.JUnitReportReporter -->
<testsuite hostname="mshettigar-7560" failures="0" tests="1" name="testCases.TC_009_ForgotPassword" time="10.735" errors="0" timestamp="2022-08-03T17:37:24 EDT" skipped="0">
  <testcase classname="testCases.TC_009_ForgotPassword" name="test_forgotpassword" time="10.735"/>
  <system-out/>
</testsuite> <!-- testCases.TC_009_ForgotPassword -->
