<?xml version="1.0" encoding="UTF-8"?>
<!-- Generated by org.testng.reporters.JUnitReportReporter -->
<testsuite hostname="mshettigar-7560" failures="0" tests="1" name="testCases.TC_012_MyAccount" time="16.345" errors="0" timestamp="2022-08-03T17:37:24 EDT" skipped="0">
  <testcase classname="testCases.TC_012_MyAccount" name="test_Myaccount" time="16.345"/>
  <system-out/>
</testsuite> <!-- testCases.TC_012_MyAccount -->
