<?xml version="1.0" encoding="UTF-8"?>
<!-- Generated by org.testng.reporters.JUnitReportReporter -->
<testsuite hostname="mshettigar-7560" failures="0" tests="1" name="testCases.TC_010_ShoppingCart" time="36.017" errors="0" timestamp="2022-08-03T17:37:24 EDT" skipped="0">
  <testcase classname="testCases.TC_010_ShoppingCart" name="test_ShoppingCart" time="36.017"/>
  <system-out/>
</testsuite> <!-- testCases.TC_010_ShoppingCart -->
