<?xml version="1.0" encoding="UTF-8"?>
<!-- Generated by org.testng.reporters.JUnitReportReporter -->
<testsuite skipped="0" hostname="mshettigar-7560" name="testCases.TC_002_Login" tests="1" failures="0" timestamp="2022-08-01T17:15:32 EDT" time="1.037" errors="0">
  <testcase name="test_login" time="1.037" classname="testCases.TC_002_Login"/>
  <system-out/>
</testsuite> <!-- testCases.TC_002_Login -->
