<?xml version="1.0" encoding="UTF-8"?>
<!-- Generated by org.testng.reporters.JUnitReportReporter -->
<testsuite skipped="0" hostname="mshettigar-7560" name="testCases.TC_001_AccountRegistration" tests="1" failures="0" timestamp="2022-08-01T17:15:32 EDT" time="3.382" errors="0">
  <testcase name="test_account_registration" time="3.382" classname="testCases.TC_001_AccountRegistration"/>
  <system-out/>
</testsuite> <!-- testCases.TC_001_AccountRegistration -->
